0 info it worked if it ends with ok
1 verbose cli [ 'F:\\gnvm\\node.exe',
1 verbose cli   'F:\\gnvm\\node_modules\\npm\\bin\\npm-cli.js',
1 verbose cli   'info',
1 verbose cli   'Calendar' ]
2 info using npm@3.10.9
3 info using node@v9.2.0
4 silly mapToRegistry name Calendar
5 silly mapToRegistry using default registry
6 silly mapToRegistry registry https://registry.npmjs.org/
7 silly mapToRegistry data Result {
7 silly mapToRegistry   raw: 'Calendar',
7 silly mapToRegistry   scope: null,
7 silly mapToRegistry   escapedName: 'Calendar',
7 silly mapToRegistry   name: 'Calendar',
7 silly mapToRegistry   rawSpec: '',
7 silly mapToRegistry   spec: 'latest',
7 silly mapToRegistry   type: 'tag' }
8 silly mapToRegistry uri https://registry.npmjs.org/Calendar
9 verbose request uri https://registry.npmjs.org/Calendar
10 verbose request no auth needed
11 info attempt registry request try #1 at 11:27:42
12 verbose request using bearer token for auth
13 verbose request id 7c8253b0a39b0a1c
14 http request GET https://registry.npmjs.org/Calendar
15 http 404 https://registry.npmjs.org/Calendar
16 verbose headers { 'content-type': 'application/json',
16 verbose headers   'cache-control': 'max-age=0',
16 verbose headers   'content-length': '2',
16 verbose headers   'accept-ranges': 'bytes',
16 verbose headers   date: 'Fri, 08 Dec 2017 03:27:47 GMT',
16 verbose headers   via: '1.1 varnish',
16 verbose headers   connection: 'keep-alive',
16 verbose headers   'x-served-by': 'cache-nrt6130-NRT',
16 verbose headers   'x-cache': 'MISS',
16 verbose headers   'x-cache-hits': '0',
16 verbose headers   'x-timer': 'S1512703666.730853,VS0,VE1663',
16 verbose headers   vary: 'Accept-Encoding' }
17 silly get cb [ 404,
17 silly get   { 'content-type': 'application/json',
17 silly get     'cache-control': 'max-age=0',
17 silly get     'content-length': '2',
17 silly get     'accept-ranges': 'bytes',
17 silly get     date: 'Fri, 08 Dec 2017 03:27:47 GMT',
17 silly get     via: '1.1 varnish',
17 silly get     connection: 'keep-alive',
17 silly get     'x-served-by': 'cache-nrt6130-NRT',
17 silly get     'x-cache': 'MISS',
17 silly get     'x-cache-hits': '0',
17 silly get     'x-timer': 'S1512703666.730853,VS0,VE1663',
17 silly get     vary: 'Accept-Encoding' } ]
18 verbose stack Error: Registry returned 404 for GET on https://registry.npmjs.org/Calendar
18 verbose stack     at makeError (F:\gnvm\node_modules\npm\node_modules\npm-registry-client\lib\request.js:302:12)
18 verbose stack     at CachingRegistryClient.<anonymous> (F:\gnvm\node_modules\npm\node_modules\npm-registry-client\lib\request.js:280:14)
18 verbose stack     at Request._callback (F:\gnvm\node_modules\npm\node_modules\npm-registry-client\lib\request.js:210:14)
18 verbose stack     at Request.self.callback (F:\gnvm\node_modules\npm\node_modules\request\request.js:187:22)
18 verbose stack     at Request.emit (events.js:159:13)
18 verbose stack     at Request.<anonymous> (F:\gnvm\node_modules\npm\node_modules\request\request.js:1048:10)
18 verbose stack     at Request.emit (events.js:159:13)
18 verbose stack     at IncomingMessage.<anonymous> (F:\gnvm\node_modules\npm\node_modules\request\request.js:969:12)
18 verbose stack     at IncomingMessage.emit (events.js:164:20)
18 verbose stack     at endReadableNT (_stream_readable.js:1054:12)
19 verbose statusCode 404
20 verbose pkgid Calendar
21 verbose cwd C:\Users\24292\Desktop\calendar
22 error Windows_NT 10.0.15063
23 error argv "F:\\gnvm\\node.exe" "F:\\gnvm\\node_modules\\npm\\bin\\npm-cli.js" "info" "Calendar"
24 error node v9.2.0
25 error npm  v3.10.9
26 error code E404
27 error 404 Registry returned 404 for GET on https://registry.npmjs.org/Calendar
28 error 404
29 error 404 'Calendar' is not in the npm registry.
30 error 404 Your package name is not valid, because
31 error 404 1. name can no longer contain capital letters
32 error 404 Note that you can also install from a
33 error 404 tarball, folder, http url, or git url.
34 verbose exit [ 1, true ]
